{"C:\\Users\\marti\\OneDrive\\Escritorio\\Null\\Facu\\TP2\\clases\\ejercicio-practica-clase4\\src\\models\\Caja.js": {"path":"C:\\Users\\marti\\OneDrive\\Escritorio\\Null\\Facu\\TP2\\clases\\ejercicio-practica-clase4\\src\\models\\Caja.js","statementMap":{"0":{"start":{"line":4,"column":8},"end":{"line":4,"column":29}},"1":{"start":{"line":5,"column":8},"end":{"line":5,"column":31}},"2":{"start":{"line":6,"column":8},"end":{"line":6,"column":31}},"3":{"start":{"line":7,"column":8},"end":{"line":7,"column":41}},"4":{"start":{"line":11,"column":8},"end":{"line":11,"column":63}},"5":{"start":{"line":11,"column":50},"end":{"line":11,"column":59}},"6":{"start":{"line":15,"column":8},"end":{"line":15,"column":80}}},"fnMap":{"0":{"name":"(anonymous_0)","decl":{"start":{"line":3,"column":4},"end":{"line":3,"column":5}},"loc":{"start":{"line":3,"column":54},"end":{"line":8,"column":5}},"line":3},"1":{"name":"(anonymous_1)","decl":{"start":{"line":10,"column":4},"end":{"line":10,"column":5}},"loc":{"start":{"line":10,"column":31},"end":{"line":12,"column":5}},"line":10},"2":{"name":"(anonymous_2)","decl":{"start":{"line":11,"column":35},"end":{"line":11,"column":36}},"loc":{"start":{"line":11,"column":50},"end":{"line":11,"column":59}},"line":11},"3":{"name":"(anonymous_3)","decl":{"start":{"line":14,"column":4},"end":{"line":14,"column":5}},"loc":{"start":{"line":14,"column":20},"end":{"line":16,"column":5}},"line":14}},"branchMap":{},"s":{"0":13,"1":13,"2":13,"3":13,"4":13,"5":39,"6":13},"f":{"0":13,"1":13,"2":39,"3":13},"b":{},"_coverageSchema":"1a1c01bbd47fc00a2c39e90264f33305004495a9","hash":"91852079b6d10f81e35cba340ba55d921ced6afd"}
,"C:\\Users\\marti\\OneDrive\\Escritorio\\Null\\Facu\\TP2\\clases\\ejercicio-practica-clase4\\src\\service\\CajaProceso.js": {"path":"C:\\Users\\marti\\OneDrive\\Escritorio\\Null\\Facu\\TP2\\clases\\ejercicio-practica-clase4\\src\\service\\CajaProceso.js","statementMap":{"0":{"start":{"line":4,"column":17},"end":{"line":4,"column":19}},"1":{"start":{"line":7,"column":8},"end":{"line":7,"column":37}},"2":{"start":{"line":11,"column":20},"end":{"line":16,"column":9}},"3":{"start":{"line":13,"column":27},"end":{"line":13,"column":92}},"4":{"start":{"line":14,"column":16},"end":{"line":14,"column":42}},"5":{"start":{"line":17,"column":8},"end":{"line":17,"column":19}}},"fnMap":{"0":{"name":"(anonymous_0)","decl":{"start":{"line":6,"column":4},"end":{"line":6,"column":5}},"loc":{"start":{"line":6,"column":28},"end":{"line":8,"column":5}},"line":6},"1":{"name":"(anonymous_1)","decl":{"start":{"line":10,"column":4},"end":{"line":10,"column":5}},"loc":{"start":{"line":10,"column":20},"end":{"line":18,"column":5}},"line":10},"2":{"name":"(anonymous_2)","decl":{"start":{"line":12,"column":12},"end":{"line":12,"column":13}},"loc":{"start":{"line":12,"column":20},"end":{"line":15,"column":13}},"line":12}},"branchMap":{},"s":{"0":3,"1":3,"2":3,"3":12,"4":12,"5":3},"f":{"0":3,"1":3,"2":12},"b":{},"_coverageSchema":"1a1c01bbd47fc00a2c39e90264f33305004495a9","hash":"8fde33ea28d8ade9c6e8a53205f9df5dd5d3f58a"}
,"C:\\Users\\marti\\OneDrive\\Escritorio\\Null\\Facu\\TP2\\clases\\ejercicio-practica-clase4\\src\\service\\FileUtil.js": {"path":"C:\\Users\\marti\\OneDrive\\Escritorio\\Null\\Facu\\TP2\\clases\\ejercicio-practica-clase4\\src\\service\\FileUtil.js","statementMap":{"0":{"start":{"line":6,"column":8},"end":{"line":6,"column":31}},"1":{"start":{"line":10,"column":8},"end":{"line":14,"column":9}},"2":{"start":{"line":11,"column":12},"end":{"line":11,"column":57}},"3":{"start":{"line":13,"column":12},"end":{"line":13,"column":46}},"4":{"start":{"line":18,"column":8},"end":{"line":23,"column":9}},"5":{"start":{"line":19,"column":23},"end":{"line":19,"column":52}},"6":{"start":{"line":20,"column":12},"end":{"line":20,"column":48}},"7":{"start":{"line":22,"column":12},"end":{"line":22,"column":46}}},"fnMap":{"0":{"name":"(anonymous_0)","decl":{"start":{"line":5,"column":4},"end":{"line":5,"column":5}},"loc":{"start":{"line":5,"column":25},"end":{"line":7,"column":5}},"line":5},"1":{"name":"(anonymous_1)","decl":{"start":{"line":9,"column":4},"end":{"line":9,"column":5}},"loc":{"start":{"line":9,"column":11},"end":{"line":15,"column":5}},"line":9},"2":{"name":"(anonymous_2)","decl":{"start":{"line":17,"column":4},"end":{"line":17,"column":5}},"loc":{"start":{"line":17,"column":24},"end":{"line":24,"column":5}},"line":17}},"branchMap":{},"s":{"0":4,"1":2,"2":2,"3":1,"4":2,"5":2,"6":2,"7":1},"f":{"0":4,"1":2,"2":2},"b":{},"_coverageSchema":"1a1c01bbd47fc00a2c39e90264f33305004495a9","hash":"b498bf07fc91b6ec30a41492165b0d86308310de"}
}
