TN:
SF:src\models\Caja.js
FN:3,(anonymous_0)
FN:10,(anonymous_1)
FN:11,(anonymous_2)
FN:14,(anonymous_3)
FNF:4
FNH:4
FNDA:5,(anonymous_0)
FNDA:5,(anonymous_1)
FNDA:15,(anonymous_2)
FNDA:5,(anonymous_3)
DA:4,5
DA:5,5
DA:6,5
DA:7,5
DA:11,15
DA:15,5
LF:6
LH:6
BRF:0
BRH:0
end_of_record
TN:
SF:src\service\CajaProceso.js
FN:6,(anonymous_0)
FN:10,(anonymous_1)
FN:12,(anonymous_2)
FNF:3
FNH:3
FNDA:1,(anonymous_0)
FNDA:1,(anonymous_1)
FNDA:4,(anonymous_2)
DA:4,1
DA:7,1
DA:11,1
DA:13,4
DA:14,4
DA:17,1
LF:6
LH:6
BRF:0
BRH:0
end_of_record
TN:
SF:src\service\FileUtil.js
FN:5,(anonymous_0)
FN:9,(anonymous_1)
FN:17,(anonymous_2)
FNF:3
FNH:2
FNDA:2,(anonymous_0)
FNDA:2,(anonymous_1)
FNDA:0,(anonymous_2)
DA:6,2
DA:10,2
DA:11,2
DA:13,1
DA:18,0
DA:19,0
DA:20,0
DA:22,0
LF:8
LH:4
BRF:0
BRH:0
end_of_record
