TN:
SF:src\models\Caja.js
FN:3,(anonymous_0)
FN:10,(anonymous_1)
FN:11,(anonymous_2)
FN:14,(anonymous_3)
FNF:4
FNH:4
FNDA:13,(anonymous_0)
FNDA:13,(anonymous_1)
FNDA:39,(anonymous_2)
FNDA:13,(anonymous_3)
DA:4,13
DA:5,13
DA:6,13
DA:7,13
DA:11,39
DA:15,13
LF:6
LH:6
BRF:0
BRH:0
end_of_record
TN:
SF:src\service\CajaProceso.js
FN:6,(anonymous_0)
FN:10,(anonymous_1)
FN:12,(anonymous_2)
FNF:3
FNH:3
FNDA:3,(anonymous_0)
FNDA:3,(anonymous_1)
FNDA:12,(anonymous_2)
DA:4,3
DA:7,3
DA:11,3
DA:13,12
DA:14,12
DA:17,3
LF:6
LH:6
BRF:0
BRH:0
end_of_record
TN:
SF:src\service\FileUtil.js
FN:5,(anonymous_0)
FN:9,(anonymous_1)
FN:17,(anonymous_2)
FNF:3
FNH:3
FNDA:4,(anonymous_0)
FNDA:2,(anonymous_1)
FNDA:2,(anonymous_2)
DA:6,4
DA:10,2
DA:11,2
DA:13,1
DA:18,2
DA:19,2
DA:20,2
DA:22,1
LF:8
LH:8
BRF:0
BRH:0
end_of_record
